MoneyManager/app/build/outputs/mapping/release/seeds.txt
com.moneymanager.app.MainActivity_GeneratedInjector
com.moneymanager.app.MainActivity
com.moneymanager.app.MoneyManagerApp
com.moneymanager.app.MoneyManagerApp_GeneratedInjector
com.moneymanager.app.ui.screens.TimeRange: com.moneymanager.app.ui.screens.TimeRange[] values()
com.moneymanager.app.MoneyManagerApp: MoneyManagerApp()
com.moneymanager.app.ui.screens.TimeRange: com.moneymanager.app.ui.screens.TimeRange valueOf(java.lang.String)
com.moneymanager.app.MainActivity: MainActivity()
...
com.google.android.gms.tasks.Task: java.lang.Exception getException()
com.google.android.recaptcha.internal.zzhd: boolean zzN()
com.google.android.gms.internal.firebase-auth-api.zzjc: zzjc()
androidx.appcompat.view.menu.ActionMenuItemView: void setIcon(android.graphics.drawable.Drawable)
com.google.firebase.auth.zzs: void zza(com.google.android.gms.common.api.Status)
com.google.android.gms.internal.firebase-auth-api.zzyh: java.lang.String zzd()
com.google.android.gms.internal.firebase-auth-api.zzaec: java.lang.String zza(java.lang.String,int,boolean)
com.google.android.gms.internal.firebase-auth-api.zzaae: zzaae(com.google.android.gms.internal.firebase-auth-api.zzyl,com.google.firebase.auth.UserProfileChangeRequest,com.google.android.gms.internal.firebase-auth-api.zzacf)
com.google.android.gms.internal.firebase-auth-api.zzfx: zzfx(com.google.android.gms.internal.firebase-auth-api.zzgd,com.google.android.gms.internal.firebase-auth-api.zzxw,com.google.android.gms.internal.firebase-auth-api.zzxv,java.lang.Integer)
com.google.android.gms.internal.firebase-auth-api.zzek$zza: com.google.android.gms.internal.firebase-auth-api.zzek zza()
androidx.appcompat.widget.LinearLayoutCompat: void setMeasureWithLargestChildEnabled(boolean)
com.github.mikephil.charting.animation.ChartAnimator: float getPhaseX()
com.google.firebase.firestore.FirebaseFirestoreSettings: long getCacheSizeBytes()
com.google.firebase.firestore.proto.Target: com.google.firebase.firestore.proto.Target parseDelimitedFrom(java.io.InputStream,com.google.protobuf.ExtensionRegistryLite)
com.google.android.gms.internal.firebase-auth-api.zzjp: com.google.android.gms.internal.firebase-auth-api.zzbu zza(com.google.android.gms.internal.firebase-auth-api.zzci,java.lang.Integer)
com.google.firebase.firestore.remote.AbstractStream$IdleTimeoutRunnable: AbstractStream$IdleTimeoutRunnable(com.google.firebase.firestore.remote.AbstractStream)
com.google.android.gms.internal.auth.zzhg: void zzc(java.lang.Object,long,boolean)
com.google.android.gms.internal.common.zzi: zzi(android.os.Looper,android.os.Handler$Callback)
com.google.android.gms.internal.firebase-auth-api.zzcz: com.google.android.gms.internal.firebase-auth-api.zzxv zzd()
com.github.mikephil.charting.utils.ViewPortHandler: android.graphics.Matrix setZoom(float,float)
com.google.android.recaptcha.internal.zzal: java.lang.Object invokeSuspend(java.lang.Object)
com.google.firebase.firestore.remote.AndroidConnectivityMonitor$2: void onConfigurationChanged(android.content.res.Configuration)
com.google.android.gms.internal.firebase-auth-api.zzap: zzap(int)
com.google.android.recaptcha.internal.zzds: zzds()
com.google.android.recaptcha.internal.zzki: boolean zzk(java.lang.Object,java.lang.Object)
com.google.firebase.firestore.proto.MaybeDocument$Builder: com.google.firestore.v1.Document getDocument()
com.google.android.gms.internal.firebase-auth-api.zzaif: java.lang.String zzs()
androidx.compose.ui.platform.AndroidComposeView: androidx.compose.ui.platform.AndroidViewsHandler getAndroidViewsHandler$ui_release()
com.google.android.recaptcha.internal.zzli: zzli()
com.google.android.gms.internal.firebase-auth-api.zzyl: void zza(com.google.android.gms.internal.firebase-auth-api.zzafj,com.google.android.gms.internal.firebase-auth-api.zzacf)
com.google.android.gms.internal.firebase-auth-api.zzali: java.util.Map zzb(com.google.android.gms.internal.firebase-auth-api.zzali)
com.google.android.gms.internal.firebase-auth-api.zzho: zzho(byte[])
com.google.android.recaptcha.internal.zzot: zzot()
com.google.firebase.firestore.core.Bound: boolean sortsAfterDocument(java.util.List,com.google.firebase.firestore.model.Document)
com.google.firebase.auth.MultiFactor: com.google.android.gms.tasks.Task getSession()
com.google.firebase.components.Component: boolean isEagerInDefaultApp()
com.google.android.gms.internal.firebase-auth-api.zzabo: void zza(com.google.android.gms.tasks.TaskCompletionSource,com.google.android.gms.internal.firebase-auth-api.zzaci)